[STREAM] WebSocket server on ws://localhost:8089
[TWS] Connecting to TWS...
[TWS] Connected
[TWS] Using DELAYED
[TWS] Subscribed to T (reqId: 1000)
[TWS] Subscribed to SOFI (reqId: 1001)
[TWS] Subscribed to F (reqId: 1002)
[TWS] Subscribed to NU (reqId: 1003)
[TWS] Error 10167: Error: Requested market data is not subscribed. Displaying delayed market data.
[TICK] SOFI type=68 price=21.06
[TICK] SOFI type=72 price=21.76
[TICK] SOFI type=73 price=20.81
[TICK] SOFI type=75 price=21.76
[TICK] SOFI type=76 price=21.5
[TICK] T type=68 price=27.23
[TICK] T type=76 price=27.26
[TICK] T type=72 price=27.32
[TICK] T type=73 price=26.89
[TICK] T type=75 price=26.83
[TICK] F type=76 price=13.8
[TICK] F type=68 price=13.97
[TICK] F type=72 price=14
[TICK] F type=73 price=13.69
[TICK] F type=75 price=13.73
[TICK] NU type=68 price=17.34
[TICK] NU type=72 price=18.17
[TICK] NU type=73 price=17.07
[TICK] NU type=75 price=18.12
[TICK] NU type=76 price=18.08
[TICK] SOFI type=68 price=21.04
[TICK] NU type=68 price=17.33
[TICK] T type=68 price=27.24
[TICK] SOFI type=68 price=21.02
[TICK] T type=68 price=27.23
[TICK] F type=68 price=13.96
[TICK] NU type=68 price=17.31
[TICK] F type=68 price=13.97
[TICK] SOFI type=68 price=21.01
[TICK] T type=68 price=27.25
[TICK] SOFI type=68 price=20.98
[TICK] F type=68 price=13.96
[TICK] T type=68 price=27.24
[TICK] T type=68 price=27.25
[TICK] F type=68 price=13.98
[TICK] F type=68 price=13.97
[TICK] SOFI type=68 price=21
[TICK] SOFI type=68 price=21.01
[TICK] F type=68 price=13.98
[TICK] T type=68 price=27.24
[TICK] SOFI type=68 price=20.99
[TICK] F type=68 price=13.97
[TICK] SOFI type=68 price=20.98
[TICK] NU type=68 price=17.3
[TICK] SOFI type=68 price=20.95
[TICK] T type=68 price=27.23
[TICK] T type=68 price=27.24
[TICK] NU type=68 price=17.26
[TICK] SOFI type=68 price=20.94
[TICK] NU type=68 price=17.25
[TICK] SOFI type=68 price=20.92
[TICK] F type=68 price=13.95
[TICK] T type=68 price=27.25
[TICK] F type=68 price=13.94
[TICK] SOFI type=68 price=20.89
[TICK] SOFI type=68 price=20.88
[TICK] SOFI type=68 price=20.89
[TICK] NU type=68 price=17.26
[TICK] SOFI type=68 price=20.9
[TICK] NU type=68 price=17.27
[TICK] SOFI type=68 price=20.89
[TICK] SOFI type=68 price=20.86
[TICK] SOFI type=68 price=20.87
[TICK] SOFI type=68 price=20.83
[TICK] T type=68 price=27.24
[TICK] SOFI type=68 price=20.84
[TICK] NU type=68 price=17.28
[TICK] SOFI type=68 price=20.83
[TICK] T type=68 price=27.25
[TICK] T type=68 price=27.26
[TICK] SOFI type=68 price=20.81
[TICK] F type=68 price=13.93
[TICK] NU type=68 price=17.27
[TICK] F type=68 price=13.94
[TICK] NU type=68 price=17.28
[TICK] SOFI type=68 price=20.82
[TICK] NU type=68 price=17.29
[TICK] SOFI type=73 price=20.79
[TICK] T type=68 price=27.28
[TICK] NU type=68 price=17.3
[TICK] SOFI type=68 price=20.81
[TICK] SOFI type=68 price=20.8
[TICK] T type=68 price=27.29
[TICK] NU type=68 price=17.28
[TICK] SOFI type=68 price=20.79
[TICK] T type=68 price=27.28
[TICK] SOFI type=68 price=20.82
[TICK] T type=68 price=27.27
[TICK] SOFI type=68 price=20.83
[TICK] T type=68 price=27.28
[TICK] NU type=68 price=17.3
[TICK] T type=68 price=27.27
[TICK] SOFI type=68 price=20.88
[TICK] NU type=68 price=17.32
[TICK] T type=68 price=27.26
[TICK] T type=68 price=27.25
[TICK] SOFI type=68 price=20.87
[TICK] SOFI type=68 price=20.86
[TICK] T type=68 price=27.26
[TICK] NU type=68 price=17.31
[TICK] T type=68 price=27.25
[TICK] T type=68 price=27.24
[TICK] SOFI type=68 price=20.84
[TICK] T type=68 price=27.23
[TICK] SOFI type=68 price=20.83
[TICK] SOFI type=68 price=20.82
[TICK] NU type=68 price=17.3
[TICK] NU type=68 price=17.31
[TICK] T type=68 price=27.19
[TICK] SOFI type=68 price=20.81
[TICK] SOFI type=68 price=20.83
[TICK] T type=68 price=27.2
[TICK] SOFI type=68 price=20.81
[TICK] T type=68 price=27.19
[TICK] SOFI type=68 price=20.8
[TICK] NU type=68 price=17.29
[TICK] SOFI type=73 price=20.78
[TICK] SOFI type=73 price=20.77
[TICK] SOFI type=68 price=20.78
[TICK] NU type=68 price=17.3
[TICK] T type=68 price=27.2
[TICK] T type=68 price=27.18
[TICK] F type=68 price=13.93
[TICK] NU type=68 price=17.29
[TICK] T type=68 price=27.17
[TICK] NU type=68 price=17.3
[TICK] T type=68 price=27.18
[TICK] SOFI type=73 price=20.76
[TICK] SOFI type=73 price=20.75
[TICK] NU type=68 price=17.27
[TICK] SOFI type=68 price=20.77
[TICK] F type=68 price=13.92
[TICK] NU type=68 price=17.28
[TICK] SOFI type=68 price=20.75
[TICK] SOFI type=73 price=20.74
[TICK] F type=68 price=13.93
[TICK] SOFI type=68 price=20.77
[TICK] T type=68 price=27.19
[TICK] SOFI type=68 price=20.76
[TICK] SOFI type=68 price=20.77
[TICK] NU type=68 price=17.31
[TICK] SOFI type=68 price=20.8
[TICK] F type=68 price=13.91
[TICK] SOFI type=68 price=20.77
[TICK] SOFI type=68 price=20.76
[TICK] T type=68 price=27.2
[TICK] SOFI type=68 price=20.77
[TICK] F type=68 price=13.92
[TICK] NU type=68 price=17.3
[TICK] T type=68 price=27.19
[TICK] F type=68 price=13.93
[TICK] SOFI type=68 price=20.76
[TICK] NU type=68 price=17.31
[TICK] SOFI type=68 price=20.75
[TICK] T type=68 price=27.17
[TICK] SOFI type=73 price=20.73
[TICK] SOFI type=73 price=20.72
[TICK] SOFI type=68 price=20.73
[TICK] NU type=68 price=17.35
[TICK] SOFI type=68 price=20.78
[TICK] F type=68 price=13.94
[TICK] SOFI type=68 price=20.85
[TICK] NU type=68 price=17.36
[TICK] SOFI type=68 price=20.84
[TICK] NU type=68 price=17.33
[TICK] T type=68 price=27.16
[TICK] NU type=68 price=17.34
[TICK] T type=68 price=27.18
[TICK] SOFI type=68 price=20.83
[TICK] F type=68 price=13.93
[TICK] NU type=68 price=17.35
[TICK] T type=68 price=27.17
[TICK] SOFI type=68 price=20.84
[TICK] NU type=68 price=17.32
[TICK] F type=68 price=13.92
[TICK] SOFI type=68 price=20.83
[TICK] SOFI type=68 price=20.81
[TICK] NU type=68 price=17.33
[TICK] SOFI type=68 price=20.82
[TICK] SOFI type=68 price=20.81
[TICK] NU type=68 price=17.32
[TICK] F type=68 price=13.91
[TICK] SOFI type=68 price=20.78
[TICK] SOFI type=68 price=20.75
[TICK] NU type=68 price=17.33
[TICK] T type=68 price=27.15
[TICK] SOFI type=68 price=20.77
[TICK] SOFI type=68 price=20.75
[TICK] T type=68 price=27.14
[TICK] F type=68 price=13.92
[TICK] F type=68 price=13.91
[TICK] SOFI type=68 price=20.74
[TICK] SOFI type=68 price=20.75
[TICK] SOFI type=68 price=20.78
[TICK] T type=68 price=27.15
[TICK] SOFI type=68 price=20.8
[TICK] NU type=68 price=17.32
[TICK] SOFI type=68 price=20.82
[TICK] T type=68 price=27.16
[TICK] NU type=68 price=17.31
[TICK] SOFI type=68 price=20.84
[TICK] SOFI type=68 price=20.8
[TICK] NU type=68 price=17.32
[TICK] T type=68 price=27.15
[TICK] SOFI type=68 price=20.75
[TICK] F type=68 price=13.92
[TICK] T type=68 price=27.17
[TICK] SOFI type=68 price=20.74
[TICK] F type=68 price=13.91
[TICK] NU type=68 price=17.3
[TICK] SOFI type=68 price=20.77
[TICK] SOFI type=68 price=20.75
[TICK] NU type=68 price=17.29
[TICK] T type=68 price=27.18
[TICK] NU type=68 price=17.28
[TICK] SOFI type=68 price=20.74
[TICK] NU type=68 price=17.29
[TICK] NU type=68 price=17.28
[TICK] F type=68 price=13.92
[TICK] T type=68 price=27.19
[TICK] SOFI type=68 price=20.73
[TICK] F type=68 price=13.91
[TICK] T type=68 price=27.18
[TICK] T type=68 price=27.19
[TICK] SOFI type=68 price=20.74
[TICK] F type=68 price=13.92
[TICK] SOFI type=68 price=20.73
[TICK] SOFI type=73 price=20.69
[TICK] F type=68 price=13.91
[TICK] T type=68 price=27.22
[TICK] SOFI type=68 price=20.7
[TICK] NU type=68 price=17.3
[TICK] NU type=68 price=17.29
[TICK] SOFI type=68 price=20.71
[TICK] NU type=68 price=17.28
[TICK] T type=68 price=27.23
[TICK] SOFI type=68 price=20.72
[TICK] T type=68 price=27.22
[TICK] SOFI type=68 price=20.71
[TICK] NU type=68 price=17.27
[TICK] SOFI type=68 price=20.7
[TICK] NU type=68 price=17.26
[TICK] SOFI type=73 price=20.68
[TICK] T type=68 price=27.2
[TICK] F type=68 price=13.92
[TICK] SOFI type=68 price=20.69
[TICK] SOFI type=73 price=20.67
[TICK] T type=68 price=27.22
[TICK] T type=68 price=27.19
[TICK] F type=68 price=13.93
[TICK] SOFI type=68 price=20.68
[TICK] SOFI type=68 price=20.73
[TICK] SOFI type=68 price=20.72
[TICK] SOFI type=68 price=20.7
[TICK] NU type=68 price=17.27
[TICK] SOFI type=68 price=20.71
[TICK] SOFI type=68 price=20.69
[TICK] NU type=68 price=17.26
[TICK] T type=68 price=27.2
[TICK] F type=68 price=13.92
[TICK] F type=68 price=13.91
[TICK] T type=68 price=27.19
[TICK] SOFI type=68 price=20.67
[TICK] NU type=68 price=17.25
[TICK] SOFI type=73 price=20.65
[TICK] T type=68 price=27.2
[TICK] T type=68 price=27.19
[TICK] F type=68 price=13.9
[TICK] NU type=68 price=17.23
[TICK] SOFI type=68 price=20.66
[TICK] SOFI type=73 price=20.64
[TICK] NU type=68 price=17.24
[TICK] T type=68 price=27.2
[TICK] SOFI type=68 price=20.65
[TICK] NU type=68 price=17.25
[TICK] SOFI type=68 price=20.67
[TICK] NU type=68 price=17.26
[TICK] T type=68 price=27.21
[TICK] F type=68 price=13.89
[TICK] T type=68 price=27.2
[TICK] SOFI type=68 price=20.68
[TICK] NU type=68 price=17.27
[TICK] F type=68 price=13.9
[TICK] SOFI type=68 price=20.69
[TICK] NU type=68 price=17.28
[TICK] SOFI type=68 price=20.68
[TICK] T type=68 price=27.18
[TICK] F type=68 price=13.91
[TICK] SOFI type=68 price=20.73
[TICK] NU type=68 price=17.31
[TICK] T type=68 price=27.19
[TICK] F type=68 price=13.9
[TICK] T type=68 price=27.18
[TICK] F type=68 price=13.91
[TICK] SOFI type=68 price=20.75
[TICK] F type=68 price=13.9
[TICK] F type=68 price=13.91
[TICK] T type=68 price=27.17
[TICK] F type=68 price=13.92
[TICK] NU type=68 price=17.32
[TICK] F type=68 price=13.91
[TICK] NU type=68 price=17.31
[TICK] F type=68 price=13.92
[TICK] SOFI type=68 price=20.76
[TICK] NU type=68 price=17.33
[TICK] SOFI type=68 price=20.77
[TICK] NU type=68 price=17.32
[TICK] SOFI type=68 price=20.78
[TICK] F type=68 price=13.91
[TICK] NU type=68 price=17.33
[TICK] F type=68 price=13.9
[TICK] SOFI type=68 price=20.76
[TICK] NU type=68 price=17.32
[TICK] SOFI type=68 price=20.75
[TICK] F type=68 price=13.91
[TICK] NU type=68 price=17.33
[TICK] T type=68 price=27.18
[TICK] SOFI type=68 price=20.77
[TICK] F type=68 price=13.92
[TICK] SOFI type=68 price=20.75
[TICK] T type=68 price=27.19
[TICK] F type=68 price=13.91
[TICK] SOFI type=68 price=20.76
[TICK] T type=68 price=27.18
[TICK] NU type=68 price=17.34
[TICK] F type=68 price=13.92
[TICK] SOFI type=68 price=20.81
[TICK] T type=68 price=27.19
[TICK] F type=68 price=13.93
[TICK] SOFI type=68 price=20.83
[TICK] NU type=68 price=17.35
[TICK] T type=68 price=27.18
[TICK] NU type=68 price=17.36
[TICK] F type=68 price=13.94
[TICK] SOFI type=68 price=20.85
[TICK] NU type=68 price=17.33
[TICK] F type=68 price=13.93
[TICK] SOFI type=68 price=20.8
[TICK] F type=68 price=13.94
[TICK] SOFI type=68 price=20.83
[TICK] T type=68 price=27.19
[TICK] SOFI type=68 price=20.84
[TICK] NU type=68 price=17.35
[TICK] SOFI type=68 price=20.86
[TICK] T type=68 price=27.21
[TICK] SOFI type=68 price=20.84
[TICK] F type=68 price=13.93
[TICK] NU type=68 price=17.34
[TICK] T type=68 price=27.2
[TICK] SOFI type=68 price=20.83
[TICK] F type=68 price=13.94
[TICK] T type=68 price=27.21
[TICK] T type=68 price=27.2
[TICK] NU type=68 price=17.33
[TICK] SOFI type=68 price=20.81
[TICK] NU type=68 price=17.34
[TICK] T type=68 price=27.19
[TICK] SOFI type=68 price=20.82
[TICK] SOFI type=68 price=20.81
[TICK] SOFI type=68 price=20.78
[TICK] SOFI type=68 price=20.8
[TICK] T type=68 price=27.21
[TICK] T type=68 price=27.22
[TICK] SOFI type=68 price=20.81
[TICK] F type=68 price=13.95
[TICK] NU type=68 price=17.36
[TICK] NU type=68 price=17.35
[TICK] SOFI type=68 price=20.8
[TICK] NU type=68 price=17.36
[TICK] NU type=68 price=17.35
[TICK] SOFI type=68 price=20.82
[TICK] NU type=68 price=17.36
[TICK] SOFI type=68 price=20.83
[TICK] NU type=68 price=17.34
[TICK] T type=68 price=27.23
[TICK] SOFI type=68 price=20.8
[TICK] SOFI type=68 price=20.78
[TICK] T type=68 price=27.22
[TICK] NU type=68 price=17.33
[TICK] SOFI type=68 price=20.8
[TICK] T type=68 price=27.23
[TICK] SOFI type=68 price=20.81
[TICK] NU type=68 price=17.32
[TICK] SOFI type=68 price=20.8
[TICK] NU type=68 price=17.33
[TICK] SOFI type=68 price=20.81
[TICK] F type=68 price=13.96
[TICK] T type=68 price=27.22
[TICK] NU type=68 price=17.32
[TICK] T type=68 price=27.23
[TICK] SOFI type=68 price=20.82
[TICK] F type=68 price=13.95
[TICK] F type=68 price=13.96
[TICK] NU type=68 price=17.31
[TICK] SOFI type=68 price=20.81
[TICK] SOFI type=68 price=20.8
[TICK] NU type=68 price=17.32
[TICK] SOFI type=68 price=20.81
[TICK] F type=68 price=13.95
[TICK] T type=68 price=27.24
[TICK] SOFI type=68 price=20.82
[TICK] NU type=68 price=17.31
[TICK] F type=68 price=13.96
[TICK] SOFI type=68 price=20.83
[TICK] SOFI type=68 price=20.82
[TICK] F type=68 price=13.95
[TICK] T type=68 price=27.23
[TICK] SOFI type=68 price=20.81
[TICK] T type=68 price=27.24
[TICK] F type=68 price=13.94
[TICK] SOFI type=68 price=20.8
[TICK] T type=68 price=27.25
[TICK] F type=68 price=13.95
[TICK] SOFI type=68 price=20.78
[TICK] T type=68 price=27.24
[TICK] F type=68 price=13.94
[TICK] SOFI type=68 price=20.79
[TICK] NU type=68 price=17.3
[TICK] SOFI type=68 price=20.76
[TICK] SOFI type=68 price=20.73
[TICK] NU type=68 price=17.26
[TICK] T type=68 price=27.23
[TICK] NU type=68 price=17.27
[TICK] T type=68 price=27.24
[TICK] SOFI type=68 price=20.75
[TICK] NU type=68 price=17.26
[TICK] SOFI type=68 price=20.72
[TICK] NU type=68 price=17.25
[TICK] T type=68 price=27.23
[TICK] NU type=68 price=17.24
[TICK] T type=68 price=27.24
[TICK] SOFI type=68 price=20.7
[TICK] NU type=68 price=17.26
[TICK] SOFI type=68 price=20.72
[TICK] NU type=68 price=17.25
[TICK] T type=68 price=27.23
[TICK] SOFI type=68 price=20.68
[TICK] NU type=68 price=17.24
[TICK] F type=68 price=13.93
[TICK] NU type=68 price=17.25
[TICK] F type=68 price=13.95
[TICK] SOFI type=68 price=20.7
[TICK] T type=68 price=27.24
[TICK] F type=68 price=13.94
[TICK] T type=68 price=27.25
[TICK] SOFI type=68 price=20.69
[TICK] SOFI type=68 price=20.71
[TICK] NU type=68 price=17.23
[TICK] SOFI type=68 price=20.69
[TICK] NU type=68 price=17.24
[TICK] SOFI type=68 price=20.67
[TICK] T type=68 price=27.24
[TICK] NU type=68 price=17.23
[TICK] F type=68 price=13.93
[TICK] SOFI type=68 price=20.66
[TICK] F type=68 price=13.94
[TICK] NU type=68 price=17.22
[TICK] T type=68 price=27.23
[TICK] SOFI type=68 price=20.64
[TICK] SOFI type=73 price=20.63
[TICK] NU type=68 price=17.24
[TICK] SOFI type=68 price=20.65
[TICK] SOFI type=73 price=20.62
[TICK] SOFI type=73 price=20.61
[TICK] SOFI type=68 price=20.62
[TICK] F type=68 price=13.93
[TICK] NU type=68 price=17.23
[TICK] SOFI type=73 price=20.59
[TICK] SOFI type=68 price=20.61
[TICK] F type=68 price=13.94
[TICK] NU type=68 price=17.24
[TICK] SOFI type=68 price=20.6
[TICK] SOFI type=73 price=20.58
[TICK] T type=68 price=27.22
[TICK] F type=68 price=13.93
[TICK] NU type=68 price=17.23
[TICK] SOFI type=68 price=20.59
[TICK] T type=68 price=27.23
[TICK] SOFI type=68 price=20.6
[TICK] T type=68 price=27.22
[TICK] NU type=68 price=17.24
[TICK] SOFI type=68 price=20.62
[TICK] NU type=68 price=17.25
[TICK] NU type=68 price=17.23
[TICK] SOFI type=68 price=20.59
[TICK] SOFI type=73 price=20.57
[TICK] F type=68 price=13.92
[TICK] SOFI type=68 price=20.58
[TICK] F type=68 price=13.93
[TICK] SOFI type=68 price=20.57
[TICK] F type=68 price=13.92
[TICK] SOFI type=73 price=20.55
[TICK] SOFI type=68 price=20.59
[TICK] T type=68 price=27.21
[TICK] NU type=68 price=17.24
[TICK] SOFI type=68 price=20.6
[TICK] F type=68 price=13.93
[TICK] F type=68 price=13.94
[TICK] SOFI type=68 price=20.61
[TICK] T type=68 price=27.2
[TICK] SOFI type=68 price=20.6
[TICK] F type=68 price=13.93
[TICK] T type=68 price=27.21
[TICK] SOFI type=68 price=20.58
[TICK] NU type=68 price=17.23
[TICK] SOFI type=68 price=20.56
[TICK] NU type=68 price=17.22
[TICK] T type=68 price=27.22
[TICK] SOFI type=73 price=20.54
[TICK] SOFI type=68 price=20.55
[TICK] NU type=68 price=17.21
[TICK] NU type=68 price=17.2
[TICK] F type=68 price=13.92
[TICK] NU type=68 price=17.19
[TICK] NU type=68 price=17.2
[TICK] SOFI type=73 price=20.53
[TICK] SOFI type=68 price=20.54
[TICK] F type=68 price=13.91
[TICK] SOFI type=68 price=20.53
[TICK] T type=68 price=27.21
[TICK] SOFI type=73 price=20.51
[TICK] SOFI type=68 price=20.51
[TICK] SOFI type=68 price=20.53
[TICK] NU type=68 price=17.21
[TICK] SOFI type=68 price=20.49
[TICK] SOFI type=73 price=20.49
[TICK] T type=68 price=27.2
[TICK] SOFI type=73 price=20.48
[TICK] NU type=68 price=17.2
[TICK] SOFI type=68 price=20.48
[TICK] T type=68 price=27.22
[TICK] SOFI type=68 price=20.5
[TICK] NU type=68 price=17.21
[TICK] F type=68 price=13.9
[TICK] SOFI type=68 price=20.49
[TICK] SOFI type=68 price=20.48
[TICK] NU type=68 price=17.2
[TICK] SOFI type=73 price=20.47
[TICK] T type=68 price=27.21
[TICK] T type=68 price=27.22
[TICK] SOFI type=68 price=20.49
[TICK] NU type=68 price=17.23
[TICK] T type=68 price=27.21
[TICK] SOFI type=68 price=20.48
[TICK] NU type=68 price=17.22
[TICK] SOFI type=68 price=20.46
[TICK] SOFI type=73 price=20.46
[TICK] T type=68 price=27.23
[TICK] SOFI type=73 price=20.44
[TICK] SOFI type=68 price=20.44
[TICK] SOFI type=68 price=20.47
[TICK] T type=68 price=27.24
[TICK] SOFI type=68 price=20.48
[TICK] SOFI type=68 price=20.47
[TICK] T type=68 price=27.23
[TICK] SOFI type=68 price=20.45
[TICK] SOFI type=73 price=20.43
[TICK] T type=68 price=27.24
[TICK] NU type=68 price=17.21
[TICK] SOFI type=68 price=20.44
[TICK] T type=68 price=27.23
[TICK] NU type=68 price=17.22
[TICK] SOFI type=68 price=20.45
[TICK] F type=68 price=13.89
[TICK] T type=68 price=27.25
[TICK] SOFI type=68 price=20.44
[TICK] T type=68 price=27.24
[TICK] NU type=68 price=17.21
[TICK] SOFI type=68 price=20.43
[TICK] F type=68 price=13.88
[TICK] NU type=68 price=17.22
[TICK] SOFI type=73 price=20.42
[TICK] SOFI type=73 price=20.41
[TICK] F type=68 price=13.89
[TICK] F type=68 price=13.88
[TICK] T type=68 price=27.25
[TICK] SOFI type=68 price=20.42
[TICK] F type=68 price=13.89
[TICK] SOFI type=68 price=20.41
[TICK] SOFI type=73 price=20.38
[TICK] SOFI type=73 price=20.37
[TICK] SOFI type=68 price=20.39
[TICK] NU type=68 price=17.21
[TICK] T type=68 price=27.26
[TICK] NU type=68 price=17.22
[TICK] F type=68 price=13.87
[TICK] SOFI type=68 price=20.38
[TICK] NU type=68 price=17.2
[TICK] SOFI type=68 price=20.42
[TICK] T type=68 price=27.27
[TICK] NU type=68 price=17.21
[TICK] NU type=68 price=17.2
[TICK] F type=68 price=13.88
[TICK] T type=68 price=27.28
[TICK] NU type=68 price=17.19
[TICK] SOFI type=68 price=20.4
[TICK] F type=68 price=13.87
[TICK] T type=68 price=27.27
[TICK] NU type=68 price=17.17
[TICK] F type=68 price=13.88
[TICK] SOFI type=68 price=20.39
[TICK] T type=68 price=27.28
[TICK] NU type=68 price=17.18
[TICK] NU type=68 price=17.17
[TICK] SOFI type=68 price=20.4
[TICK] F type=68 price=13.87
[TICK] T type=68 price=27.27
[TICK] SOFI type=68 price=20.39
[TICK] T type=68 price=27.26
[TICK] SOFI type=68 price=20.37
[TICK] T type=68 price=27.27
[TICK] NU type=68 price=17.18
[TICK] SOFI type=68 price=20.38
[TICK] F type=68 price=13.89
[TICK] SOFI type=68 price=20.39
[TICK] T type=68 price=27.25
[TICK] SOFI type=68 price=20.4
[TICK] F type=68 price=13.87
[TICK] NU type=68 price=17.17
[TICK] SOFI type=68 price=20.39
[TICK] NU type=68 price=17.15
[TICK] SOFI type=68 price=20.38
[TICK] SOFI type=73 price=20.36
[TICK] SOFI type=68 price=20.37
[TICK] SOFI type=73 price=20.35
[TICK] NU type=68 price=17.14
[TICK] NU type=68 price=17.13
[TICK] F type=68 price=13.88
[TICK] T type=68 price=27.26
[TICK] NU type=68 price=17.14
[TICK] T type=68 price=27.27
[TICK] F type=68 price=13.89
[TICK] SOFI type=68 price=20.38
[TICK] NU type=68 price=17.11
[TICK] SOFI type=68 price=20.36
[TICK] T type=68 price=27.26
[TICK] SOFI type=68 price=20.35
[TICK] NU type=68 price=17.12
[TICK] SOFI type=68 price=20.38
[TICK] F type=68 price=13.9
[TICK] F type=68 price=13.91
[TICK] NU type=68 price=17.11
[TICK] NU type=68 price=17.12
[TICK] F type=68 price=13.9
[TICK] SOFI type=68 price=20.39
[TICK] T type=68 price=27.27
[TICK] SOFI type=68 price=20.37
[TICK] NU type=68 price=17.11
[TICK] T type=68 price=27.28
[TICK] NU type=68 price=17.1
[TICK] SOFI type=68 price=20.35
[TICK] F type=68 price=13.91
[TICK] SOFI type=73 price=20.34
[TICK] T type=68 price=27.29
[TICK] SOFI type=68 price=20.37
[TICK] F type=68 price=13.9
[TICK] NU type=68 price=17.12
[TICK] F type=68 price=13.91
[TICK] SOFI type=68 price=20.38
[TICK] F type=68 price=13.92
[TICK] T type=68 price=27.28
[TICK] SOFI type=68 price=20.4
[TICK] F type=68 price=13.93
[TICK] NU type=68 price=17.14
[TICK] SOFI type=68 price=20.43
[TICK] SOFI type=68 price=20.41
[TICK] NU type=68 price=17.12
[TICK] NU type=68 price=17.13
[TICK] SOFI type=68 price=20.42
[TICK] NU type=68 price=17.14
[TICK] T type=68 price=27.27
[TICK] T type=68 price=27.28
[TICK] T type=68 price=27.27
[TICK] NU type=68 price=17.15
[TICK] SOFI type=68 price=20.4
[TICK] F type=68 price=13.91
[TICK] NU type=68 price=17.13
[TICK] SOFI type=68 price=20.39
[TICK] T type=68 price=27.29
[TICK] NU type=68 price=17.14
[TICK] T type=68 price=27.28
[TICK] SOFI type=68 price=20.4
[TICK] F type=68 price=13.92
[TICK] F type=68 price=13.93
[TICK] T type=68 price=27.29
[TICK] NU type=68 price=17.15
[TICK] NU type=68 price=17.14
[TICK] T type=68 price=27.3
[TICK] T type=68 price=27.29
[TICK] SOFI type=68 price=20.46
[TICK] NU type=68 price=17.16
[TICK] SOFI type=68 price=20.45
[TICK] T type=68 price=27.3
[TICK] F type=68 price=13.94
[TICK] SOFI type=68 price=20.46
[TICK] T type=68 price=27.28
[TICK] SOFI type=68 price=20.44
[TICK] T type=68 price=27.29
[TICK] T type=68 price=27.28
[TICK] NU type=68 price=17.15
[TICK] SOFI type=68 price=20.46
[TICK] T type=68 price=27.29
[TICK] SOFI type=68 price=20.49
[TICK] NU type=68 price=17.17
[TICK] F type=68 price=13.95
[TICK] SOFI type=68 price=20.48
[TICK] NU type=68 price=17.18
[TICK] T type=68 price=27.28
[TICK] F type=68 price=13.94
[TICK] T type=68 price=27.29
[TICK] NU type=68 price=17.19
[TICK] SOFI type=68 price=20.5
[TICK] T type=68 price=27.28
[TICK] NU type=68 price=17.2
[TICK] T type=68 price=27.27
[TICK] NU type=68 price=17.18
[TICK] T type=68 price=27.29
[TICK] SOFI type=68 price=20.53
[TICK] SOFI type=68 price=20.5
[TICK] T type=68 price=27.28
[TICK] T type=68 price=27.29
[TICK] SOFI type=68 price=20.53
[TICK] NU type=68 price=17.2
[TICK] T type=68 price=27.3
[TICK] SOFI type=68 price=20.54
[TICK] F type=68 price=13.93
[TICK] F type=68 price=13.94
[TICK] SOFI type=68 price=20.57
[TICK] T type=68 price=27.29
[TICK] T type=68 price=27.27
[TICK] NU type=68 price=17.21
[TICK] SOFI type=68 price=20.59
[TICK] SOFI type=68 price=20.6
[TICK] NU type=68 price=17.23
[TICK] SOFI type=68 price=20.59
[TICK] T type=68 price=27.28
[TICK] SOFI type=68 price=20.6
[TICK] NU type=68 price=17.21
[TICK] NU type=68 price=17.22
[TICK] SOFI type=68 price=20.62
[TICK] SOFI type=68 price=20.65
[TICK] SOFI type=68 price=20.64
[TICK] NU type=68 price=17.23
[TICK] T type=68 price=27.27
[TICK] T type=68 price=27.26
[TICK] T type=68 price=27.27
[TICK] SOFI type=68 price=20.63
[TICK] NU type=68 price=17.22
[TICK] SOFI type=68 price=20.64
[TICK] F type=68 price=13.93
[TICK] NU type=68 price=17.23
[TICK] T type=68 price=27.26
[TICK] F type=68 price=13.94
[TICK] SOFI type=68 price=20.63
[TICK] NU type=68 price=17.24
[TICK] T type=68 price=27.27
[TICK] SOFI type=68 price=20.66
[TICK] T type=68 price=27.26
[TICK] SOFI type=68 price=20.67
[TICK] NU type=68 price=17.22
[TICK] SOFI type=68 price=20.59
[TICK] NU type=68 price=17.21
[TICK] SOFI type=68 price=20.58
[TICK] NU type=68 price=17.22
[TICK] SOFI type=68 price=20.59
[TICK] SOFI type=68 price=20.58
[TICK] T type=68 price=27.27
[TICK] SOFI type=68 price=20.59
[TICK] F type=68 price=13.93
[TICK] SOFI type=68 price=20.6
[TICK] F type=68 price=13.94
[TICK] NU type=68 price=17.2
[TICK] SOFI type=68 price=20.59
[TICK] SOFI type=68 price=20.58
[TICK] NU type=68 price=17.19
[TICK] NU type=68 price=17.2
[TICK] T type=68 price=27.28
[TICK] SOFI type=68 price=20.57
[TICK] SOFI type=68 price=20.56
[TICK] F type=68 price=13.93
[TICK] F type=68 price=13.92
[TICK] T type=68 price=27.27
[TICK] F type=68 price=13.93
[TICK] T type=68 price=27.26
[TICK] SOFI type=68 price=20.58
[TICK] SOFI type=68 price=20.59
[TICK] NU type=68 price=17.22
[TICK] SOFI type=68 price=20.6
[TICK] T type=68 price=27.25
[TICK] NU type=68 price=17.21
[TICK] NU type=68 price=17.2
[TICK] T type=68 price=27.26
[TICK] SOFI type=68 price=20.61
[TICK] SOFI type=68 price=20.59
[TICK] F type=68 price=13.92
[TICK] NU type=68 price=17.19
[TICK] F type=68 price=13.91
[TICK] F type=68 price=13.92
[TICK] T type=68 price=27.25
[TICK] NU type=68 price=17.21
[TICK] SOFI type=68 price=20.6
[TICK] NU type=68 price=17.2
[TICK] SOFI type=68 price=20.61
[TICK] F type=68 price=13.93
[TICK] NU type=68 price=17.21
[TICK] SOFI type=68 price=20.65
[TICK] SOFI type=68 price=20.64
[TICK] NU type=68 price=17.22
[TICK] SOFI type=68 price=20.63
[TICK] F type=68 price=13.92
[TICK] SOFI type=68 price=20.66
[TICK] T type=68 price=27.24
[TICK] NU type=68 price=17.21
[TICK] F type=68 price=13.93
[TICK] T type=68 price=27.25
[TICK] SOFI type=68 price=20.64
[TICK] NU type=68 price=17.2
[TICK] F type=68 price=13.92
[TICK] SOFI type=68 price=20.66
[TICK] NU type=68 price=17.19
[TICK] SOFI type=68 price=20.64
[TICK] SOFI type=68 price=20.66
[TICK] F type=68 price=13.93
[TICK] SOFI type=68 price=20.64
[TICK] F type=68 price=13.92
[TICK] SOFI type=68 price=20.65
[TICK] T type=68 price=27.24
[TICK] NU type=68 price=17.2
[TICK] F type=68 price=13.91
[TICK] SOFI type=68 price=20.63
[TICK] SOFI type=68 price=20.64
[TICK] NU type=68 price=17.21
[TICK] NU type=68 price=17.2
[TICK] SOFI type=68 price=20.61
[TICK] NU type=68 price=17.21
[TICK] T type=68 price=27.25
[TICK] NU type=68 price=17.22
[TICK] F type=68 price=13.92
[TICK] F type=68 price=13.91
[TICK] SOFI type=68 price=20.6
[TICK] T type=68 price=27.24
[TICK] SOFI type=68 price=20.59
[TICK] T type=68 price=27.25
[TICK] F type=68 price=13.92
[TICK] NU type=68 price=17.21
[TICK] SOFI type=68 price=20.58
[TICK] F type=68 price=13.91
[TICK] T type=68 price=27.24
[TICK] T type=68 price=27.25
[TICK] NU type=68 price=17.22
[TICK] SOFI type=68 price=20.57
[TICK] NU type=68 price=17.21
[TICK] NU type=68 price=17.2
[TICK] SOFI type=68 price=20.56
[TICK] T type=68 price=27.26
[TICK] NU type=68 price=17.19
[TICK] SOFI type=68 price=20.55
[TICK] T type=68 price=27.25
[TICK] SOFI type=68 price=20.58
[TICK] SOFI type=68 price=20.57
[TICK] NU type=68 price=17.18
[TICK] SOFI type=68 price=20.55
[TICK] F type=68 price=13.89
[TICK] NU type=68 price=17.19
[TICK] F type=68 price=13.9
[TICK] SOFI type=68 price=20.56
[TICK] SOFI type=68 price=20.55
[TICK] NU type=68 price=17.2
[TICK] NU type=68 price=17.19
[TICK] SOFI type=68 price=20.56
[TICK] T type=68 price=27.24
[TICK] SOFI type=68 price=20.58
[TICK] NU type=68 price=17.2
[TICK] F type=68 price=13.91
[TICK] T type=68 price=27.25
[TICK] SOFI type=68 price=20.56
[TICK] F type=68 price=13.9
[TICK] SOFI type=68 price=20.55
[TICK] NU type=68 price=17.19
[TICK] SOFI type=68 price=20.53
[TICK] T type=68 price=27.26
[TICK] NU type=68 price=17.18
[TICK] SOFI type=68 price=20.52
[TICK] T type=68 price=27.27
[TICK] SOFI type=68 price=20.53
[TICK] T type=68 price=27.26
[TICK] T type=68 price=27.27
[TICK] SOFI type=68 price=20.51
[TICK] T type=68 price=27.26
[TICK] NU type=68 price=17.17
[TICK] NU type=68 price=17.18
[TICK] SOFI type=68 price=20.5
[TICK] T type=68 price=27.27
[TICK] F type=68 price=13.91
[TICK] NU type=68 price=17.19
[TICK] T type=68 price=27.26
[TICK] SOFI type=68 price=20.54
[TICK] NU type=68 price=17.2
[TICK] NU type=68 price=17.19
[TICK] F type=68 price=13.92
[TICK] SOFI type=68 price=20.52
[TICK] T type=68 price=27.25
[TICK] SOFI type=68 price=20.51
[TICK] F type=68 price=13.91
[TICK] SOFI type=68 price=20.52
[TICK] NU type=68 price=17.2
[TICK] SOFI type=68 price=20.51
[TICK] F type=68 price=13.92
[TICK] NU type=68 price=17.22
[TICK] SOFI type=68 price=20.53
[TICK] F type=68 price=13.93
[TICK] T type=68 price=27.24
[TICK] NU type=68 price=17.24
[TICK] SOFI type=68 price=20.56
[TICK] SOFI type=68 price=20.57
[TICK] NU type=68 price=17.23
[TICK] SOFI type=68 price=20.56
[TICK] T type=68 price=27.25
[TICK] SOFI type=68 price=20.55
[TICK] NU type=68 price=17.25
[TICK] F type=68 price=13.92
[TICK] T type=68 price=27.23
[TICK] F type=68 price=13.93
[TICK] SOFI type=68 price=20.53
[TICK] T type=68 price=27.24
[TICK] SOFI type=68 price=20.52
[TICK] F type=68 price=13.94
[TICK] SOFI type=68 price=20.53
[TICK] T type=68 price=27.25
[TICK] F type=68 price=13.93
[TICK] T type=68 price=27.28
[TICK] NU type=68 price=17.24
[TICK] F type=68 price=13.94
[TICK] T type=68 price=27.29
[TICK] T type=68 price=27.28
[TICK] SOFI type=68 price=20.56
[TICK] NU type=68 price=17.25
[TICK] SOFI type=68 price=20.55
[TICK] NU type=68 price=17.24
[TICK] SOFI type=68 price=20.53
[TICK] F type=68 price=13.92
[TICK] T type=68 price=27.3
[TICK] F type=68 price=13.9
[TICK] T type=68 price=27.32
[TICK] NU type=68 price=17.23
[TICK] T type=68 price=27.3
[TICK] SOFI type=68 price=20.51
[TICK] SOFI type=68 price=20.5
[TICK] T type=68 price=27.31
[TICK] SOFI type=68 price=20.51
[TICK] NU type=68 price=17.22
[TICK] T type=68 price=27.3
[TICK] NU type=68 price=17.23
[TICK] SOFI type=68 price=20.52
[TICK] SOFI type=68 price=20.51
[TICK] NU type=68 price=17.22
[TICK] F type=68 price=13.89
[TICK] SOFI type=68 price=20.5
[TICK] NU type=68 price=17.21
[TICK] SOFI type=68 price=20.46
[TICK] T type=68 price=27.31
[TICK] SOFI type=68 price=20.45
[TICK] F type=68 price=13.9
[TICK] NU type=68 price=17.22
[TICK] T type=68 price=27.32
[TICK] SOFI type=68 price=20.47
[TICK] F type=68 price=13.91
[TICK] SOFI type=68 price=20.48
[TICK] F type=68 price=13.9
[TICK] NU type=68 price=17.2
[TICK] SOFI type=68 price=20.46
[TICK] SOFI type=68 price=20.48
[TICK] F type=68 price=13.91
[TICK] F type=68 price=13.9
[TICK] NU type=68 price=17.22
[TICK] SOFI type=68 price=20.47
[TICK] T type=68 price=27.31
[TICK] T type=72 price=27.33
[TICK] SOFI type=68 price=20.46
[TICK] T type=68 price=27.33
[TICK] T type=72 price=27.34
[TICK] F type=68 price=13.89
[TICK] SOFI type=68 price=20.44
[TICK] NU type=68 price=17.2
[TICK] T type=68 price=27.32
[TICK] F type=68 price=13.9
[TICK] F type=68 price=13.89
[TICK] SOFI type=68 price=20.41
[TICK] T type=68 price=27.33
[TICK] SOFI type=68 price=20.42
[TICK] NU type=68 price=17.21
[TICK] F type=68 price=13.9
[TICK] SOFI type=68 price=20.44
[TICK] NU type=68 price=17.22
[TICK] SOFI type=68 price=20.45
[TICK] T type=68 price=27.34
[TICK] NU type=68 price=17.21
[TICK] SOFI type=68 price=20.43
[TICK] F type=68 price=13.89
[TICK] T type=68 price=27.33
[TICK] NU type=68 price=17.2
[TICK] F type=68 price=13.9
[TICK] SOFI type=68 price=20.44
[TICK] SOFI type=68 price=20.42
[TICK] SOFI type=68 price=20.41
[TICK] F type=68 price=13.89
[TICK] T type=68 price=27.35
[TICK] T type=72 price=27.35
[TICK] NU type=68 price=17.18
[TICK] SOFI type=68 price=20.42
[TICK] F type=68 price=13.9
[TICK] T type=68 price=27.34
[TICK] SOFI type=68 price=20.43
[TICK] T type=68 price=27.35
[TICK] NU type=68 price=17.17
[TICK] F type=68 price=13.88
[TICK] F type=68 price=13.89
[TICK] SOFI type=68 price=20.44
[TICK] T type=68 price=27.36
[TICK] T type=72 price=27.36
[TICK] NU type=68 price=17.18
[TICK] T type=72 price=27.37
[TICK] T type=68 price=27.37
[TICK] SOFI type=68 price=20.47
[TICK] NU type=68 price=17.19
[TICK] T type=68 price=27.36
[TICK] SOFI type=68 price=20.49
[TICK] F type=68 price=13.88
[TICK] T type=68 price=27.37
[TICK] F type=68 price=13.87
[TICK] T type=68 price=27.36
[TICK] SOFI type=68 price=20.48
[TICK] SOFI type=68 price=20.49
[TICK] F type=68 price=13.88
[TICK] NU type=68 price=17.2
[TICK] SOFI type=68 price=20.48
[TICK] F type=68 price=13.87
[TICK] T type=68 price=27.34
[TICK] SOFI type=68 price=20.46
[TICK] SOFI type=68 price=20.44
[TICK] T type=68 price=27.35
[TICK] T type=68 price=27.34
[TICK] SOFI type=68 price=20.4
[TICK] NU type=68 price=17.19
[TICK] F type=68 price=13.86
[TICK] T type=68 price=27.35
[TICK] SOFI type=68 price=20.39
[TICK] NU type=68 price=17.2
[TICK] SOFI type=68 price=20.38
[TICK] T type=68 price=27.34
[TICK] NU type=68 price=17.19
[TICK] SOFI type=68 price=20.36
[TICK] T type=68 price=27.35
[TICK] NU type=68 price=17.18
[TICK] T type=68 price=27.36
[TICK] SOFI type=68 price=20.37
[TICK] NU type=68 price=17.19
[TICK] SOFI type=68 price=20.39
[TICK] T type=68 price=27.35
[TICK] SOFI type=68 price=20.38
[TICK] SOFI type=68 price=20.39
[TICK] NU type=68 price=17.22
[TICK] T type=68 price=27.34
[TICK] F type=68 price=13.85
[TICK] SOFI type=68 price=20.37
[TICK] T type=68 price=27.35
[TICK] F type=68 price=13.84
[TICK] SOFI type=68 price=20.38
[TICK] NU type=68 price=17.2
[TICK] T type=68 price=27.34
[TICK] SOFI type=68 price=20.37
[TICK] NU type=68 price=17.19
[TICK] F type=68 price=13.86
[TICK] SOFI type=73 price=20.26
[TICK] SOFI type=73 price=20.23
[TICK] NU type=68 price=17.11
[TICK] SOFI type=68 price=20.24
[TICK] F type=68 price=13.81
[TICK] SOFI type=68 price=20.25
[TICK] T type=68 price=27.35
[TICK] NU type=68 price=17.12
[TICK] T type=68 price=27.34
[TICK] SOFI type=68 price=20.28
[TICK] F type=68 price=13.83
[TICK] F type=68 price=13.82
[TICK] NU type=68 price=17.11
[TICK] F type=68 price=13.83
[TICK] NU type=68 price=17.12
[TICK] SOFI type=68 price=20.3
[TICK] T type=68 price=27.35
[TICK] SOFI type=68 price=20.31
[TICK] T type=68 price=27.33
[TICK] F type=68 price=13.84
[TICK] NU type=68 price=17.13
[TICK] T type=68 price=27.34
[TICK] SOFI type=68 price=20.33
[TICK] NU type=68 price=17.15
[TICK] T type=68 price=27.35
[TICK] F type=68 price=13.83
[TICK] SOFI type=68 price=20.31
[TICK] NU type=68 price=17.14
[TICK] T type=68 price=27.34
[TICK] NU type=68 price=17.13
[TICK] SOFI type=68 price=20.3
[TICK] F type=68 price=13.82
[TICK] NU type=68 price=17.12
[TICK] SOFI type=68 price=20.27
[TICK] F type=68 price=13.83
[TICK] SOFI type=68 price=20.28
[TICK] T type=68 price=27.35
[TICK] NU type=68 price=17.11
[TICK] SOFI type=68 price=20.27
[TICK] F type=68 price=13.81
[TICK] T type=68 price=27.34
[TICK] T type=68 price=27.35
[TICK] SOFI type=68 price=20.26
[TICK] NU type=68 price=17.1
[TICK] SOFI type=68 price=20.25
[TICK] T type=68 price=27.33
[TICK] F type=68 price=13.82
[TICK] SOFI type=68 price=20.26
[TICK] NU type=68 price=17.11
[TICK] SOFI type=68 price=20.24
[TICK] F type=68 price=13.81
[TICK] T type=68 price=27.34
[TICK] SOFI type=68 price=20.26
[TICK] SOFI type=68 price=20.25
[TICK] T type=68 price=27.33
[TICK] NU type=68 price=17.1
[TICK] SOFI type=73 price=20.2
[TICK] SOFI type=68 price=20.22
[TICK] NU type=68 price=17.11
[TICK] SOFI type=68 price=20.2
[TICK] T type=68 price=27.34
[TICK] SOFI type=73 price=20.19
[TICK] SOFI type=68 price=20.21
[TICK] NU type=68 price=17.12
[TICK] F type=68 price=13.82
[TICK] T type=68 price=27.33
[TICK] SOFI type=68 price=20.2
[TICK] F type=68 price=13.81
[TICK] F type=68 price=13.82
[TICK] NU type=68 price=17.11
[TICK] T type=68 price=27.34
[TICK] F type=68 price=13.81
[TICK] NU type=68 price=17.12
[TICK] T type=68 price=27.33
[TICK] F type=68 price=13.82
[TICK] T type=68 price=27.34
[TICK] NU type=68 price=17.14
[TICK] SOFI type=68 price=20.27
[TICK] F type=68 price=13.84
[TICK] T type=68 price=27.33
[TICK] NU type=68 price=17.13
[TICK] NU type=68 price=17.12
[TICK] F type=68 price=13.83
[TICK] NU type=68 price=17.13
[TICK] F type=68 price=13.82
[TICK] T type=68 price=27.34
[TICK] SOFI type=68 price=20.29
[TICK] NU type=68 price=17.15
[TICK] F type=68 price=13.84
[TICK] SOFI type=68 price=20.3
[TICK] T type=68 price=27.35
[TICK] NU type=68 price=17.13
[TICK] SOFI type=68 price=20.27
[TICK] NU type=68 price=17.11
[TICK] F type=68 price=13.82
[TICK] T type=68 price=27.34
[TICK] SOFI type=68 price=20.26
[TICK] NU type=68 price=17.1
[TICK] NU type=68 price=17.09
[TICK] SOFI type=68 price=20.25
[TICK] T type=68 price=27.35
[TICK] SOFI type=68 price=20.23
[TICK] T type=68 price=27.36
[TICK] SOFI type=68 price=20.22
[TICK] NU type=68 price=17.08
[TICK] NU type=68 price=17.1
[TICK] SOFI type=68 price=20.25
[TICK] F type=68 price=13.83
[TICK] T type=68 price=27.35
[TICK] F type=68 price=13.84
[TICK] SOFI type=68 price=20.26
[TICK] T type=68 price=27.36
[TICK] NU type=68 price=17.11
[TICK] SOFI type=68 price=20.3
[TICK] SOFI type=68 price=20.29
[TICK] NU type=68 price=17.1
[TICK] F type=68 price=13.83
[TICK] T type=68 price=27.35
[TICK] SOFI type=68 price=20.27
[TICK] F type=68 price=13.84
[TICK] SOFI type=68 price=20.25
[TICK] T type=68 price=27.37
[TICK] SOFI type=68 price=20.26
[TICK] NU type=68 price=17.09
[TICK] T type=68 price=27.36
[TICK] T type=68 price=27.37
[TICK] NU type=68 price=17.1
[TICK] F type=68 price=13.83
[TICK] T type=68 price=27.36
[TICK] NU type=68 price=17.11
[TICK] SOFI type=68 price=20.27
[TICK] F type=68 price=13.84
[TICK] F type=68 price=13.85
[TICK] F type=68 price=13.84
[TICK] NU type=68 price=17.1
[TICK] SOFI type=68 price=20.26
[TICK] T type=68 price=27.35
[TICK] SOFI type=68 price=20.25
[TICK] F type=68 price=13.85
[TICK] NU type=68 price=17.11
[TICK] NU type=68 price=17.09
[TICK] SOFI type=68 price=20.24
[TICK] T type=68 price=27.36
[TICK] T type=72 price=27.38
[TICK] F type=68 price=13.84
[TICK] T type=68 price=27.37
[TICK] SOFI type=68 price=20.23
[TICK] NU type=68 price=17.08
[TICK] SOFI type=68 price=20.22
[TICK] T type=68 price=27.36
[TICK] T type=68 price=27.37
[TICK] SOFI type=68 price=20.23
[TICK] NU type=68 price=17.09
[TICK] NU type=68 price=17.08
[TICK] SOFI type=68 price=20.19
[TICK] SOFI type=73 price=20.17
[TICK] SOFI type=73 price=20.16
[TICK] T type=72 price=27.39
[TICK] SOFI type=68 price=20.18
[TICK] T type=68 price=27.39
[TICK] NU type=68 price=17.09
[TICK] NU type=68 price=17.08
[TICK] SOFI type=73 price=20.15
[TICK] T type=72 price=27.4
[TICK] SOFI type=68 price=20.17
[TICK] F type=68 price=13.83
[TICK] SOFI type=68 price=20.16
[TICK] SOFI type=68 price=20.14
[TICK] SOFI type=73 price=20.14
[TICK] F type=68 price=13.85
[TICK] SOFI type=68 price=20.15
[TICK] T type=72 price=27.41
[TICK] T type=68 price=27.41
[TICK] F type=68 price=13.83
[TICK] NU type=68 price=17.07
[TICK] NU type=73 price=17.06
[TICK] SOFI type=73 price=20.13
[TICK] SOFI type=68 price=20.14
[TICK] F type=68 price=13.84
[TICK] SOFI type=73 price=20.12
[TICK] SOFI type=73 price=20.11
[TICK] SOFI type=68 price=20.12
[TICK] F type=68 price=13.83
[TICK] T type=72 price=27.42
[TICK] SOFI type=68 price=20.11
[TICK] T type=68 price=27.42
[TICK] NU type=73 price=17.05
[TICK] NU type=68 price=17.06
[TICK] F type=68 price=13.82
[TICK] SOFI type=73 price=20.1
[TICK] SOFI type=68 price=20.1
[TICK] SOFI type=68 price=20.12
[TICK] T type=68 price=27.39
[TICK] T type=68 price=27.4
[TICK] T type=68 price=27.41
[TICK] F type=68 price=13.83
[TICK] NU type=68 price=17.07
[TICK] SOFI type=68 price=20.13
[TICK] F type=68 price=13.82
[TICK] T type=68 price=27.4
[TICK] NU type=68 price=17.06
[TICK] T type=68 price=27.41
[TICK] SOFI type=68 price=20.12
[TICK] SOFI type=73 price=20.09
[TICK] NU type=73 price=17.03
[TICK] NU type=68 price=17.03
[TICK] SOFI type=68 price=20.09
[TICK] SOFI type=68 price=20.1
[TICK] SOFI type=73 price=20.08
[TICK] SOFI type=68 price=20.09
[TICK] T type=68 price=27.42
[TICK] T type=68 price=27.41
[TICK] SOFI type=68 price=20.1
[TICK] NU type=68 price=17.05
[TICK] SOFI type=68 price=20.09
[TICK] F type=68 price=13.83
[TICK] SOFI type=68 price=20.11
[TICK] T type=68 price=27.4
[TICK] F type=68 price=13.82
[TICK] T type=68 price=27.39
[TICK] T type=68 price=27.4
[TICK] SOFI type=68 price=20.12
[TICK] NU type=68 price=17.06
[TICK] F type=68 price=13.83
[TICK] SOFI type=68 price=20.1
[TICK] F type=68 price=13.82
[TICK] NU type=68 price=17.07
[TICK] SOFI type=68 price=20.11
[TICK] T type=68 price=27.39
[TICK] SOFI type=68 price=20.13
[TICK] T type=68 price=27.37
[TICK] SOFI type=68 price=20.16
[TICK] NU type=68 price=17.08
[TICK] NU type=68 price=17.09
[TICK] T type=68 price=27.39
[TICK] SOFI type=68 price=20.15
[TICK] NU type=68 price=17.07
[TICK] SOFI type=68 price=20.12
[TICK] T type=68 price=27.4
[TICK] NU type=68 price=17.06
[TICK] F type=68 price=13.83
[TICK] SOFI type=68 price=20.14
[TICK] T type=68 price=27.41
[TICK] F type=68 price=13.82
[TICK] NU type=68 price=17.07
[TICK] SOFI type=68 price=20.13
[TICK] T type=68 price=27.42
[TICK] NU type=68 price=17.08
[TICK] T type=72 price=27.43
[TICK] SOFI type=68 price=20.12
[TICK] T type=68 price=27.43
[TICK] NU type=68 price=17.06
[TICK] NU type=68 price=17.04
[TICK] T type=72 price=27.44
[TICK] T type=68 price=27.44
[TICK] SOFI type=68 price=20.11
[TICK] NU type=68 price=17.05
[TICK] SOFI type=68 price=20.13
[TICK] T type=68 price=27.43
[TICK] SOFI type=68 price=20.12
[TICK] T type=68 price=27.44
[TICK] T type=72 price=27.45
[TICK] F type=68 price=13.83
[TICK] NU type=68 price=17.06
[TICK] SOFI type=68 price=20.15
[TICK] T type=68 price=27.45
[TICK] NU type=68 price=17.05
[TICK] F type=68 price=13.82
[TICK] SOFI type=68 price=20.16
[TICK] NU type=68 price=17.06
[TICK] T type=72 price=27.46
[TICK] T type=68 price=27.46
[TICK] SOFI type=68 price=20.19
[TICK] SOFI type=68 price=20.18
[TICK] NU type=68 price=17.08
[TICK] T type=72 price=27.47
[TICK] SOFI type=68 price=20.17
[TICK] F type=68 price=13.83
[TICK] T type=68 price=27.47
[TICK] NU type=68 price=17.07
[TICK] F type=68 price=13.82
[TICK] SOFI type=68 price=20.16
[TICK] T type=68 price=27.45
[TICK] NU type=68 price=17.06
[TICK] F type=68 price=13.84
[TICK] NU type=68 price=17.05
[TICK] F type=68 price=13.82
[TICK] SOFI type=68 price=20.13
[TICK] NU type=68 price=17.04
[TICK] SOFI type=68 price=20.14
[TICK] NU type=68 price=17.05
[TICK] SOFI type=68 price=20.16
[TICK] F type=68 price=13.83
[TICK] NU type=68 price=17.06
[TICK] T type=68 price=27.44
[TICK] SOFI type=68 price=20.13
[TICK] F type=68 price=13.82
[TICK] NU type=68 price=17.05
[TICK] SOFI type=68 price=20.14
[TICK] F type=68 price=13.83
[TICK] NU type=68 price=17.06
[TICK] NU type=68 price=17.05
[TICK] SOFI type=68 price=20.11
[TICK] F type=68 price=13.84
[TICK] SOFI type=68 price=20.12
[TICK] T type=68 price=27.42
[TICK] T type=68 price=27.43
[TICK] NU type=68 price=17.04
[TICK] T type=68 price=27.42
[TICK] SOFI type=68 price=20.11
[TICK] F type=68 price=13.82
[TICK] SOFI type=68 price=20.1
[TICK] T type=68 price=27.43
[TICK] NU type=68 price=17.03
[TICK] NU type=73 price=17.02
[TICK] NU type=73 price=17.01
[TICK] F type=68 price=13.83
[TICK] NU type=68 price=17.01
[TICK] T type=68 price=27.44
[TICK] NU type=68 price=17.02
[TICK] F type=68 price=13.82
[TICK] SOFI type=68 price=20.09
[TICK] T type=68 price=27.43
[TICK] SOFI type=68 price=20.1
[TICK] T type=68 price=27.44
[TICK] NU type=73 price=17
[TICK] SOFI type=73 price=20.07
[TICK] SOFI type=68 price=20.07
[TICK] NU type=68 price=17.01
[TICK] F type=68 price=13.81
[TICK] T type=68 price=27.46
[TICK] F type=68 price=13.82
[TICK] T type=68 price=27.47
[TICK] SOFI type=68 price=20.09
[TICK] NU type=68 price=17
[TICK] F type=68 price=13.81
[TICK] SOFI type=68 price=20.1
[TICK] NU type=68 price=17.01
[TICK] T type=72 price=27.48
[TICK] T type=68 price=27.48
[TICK] SOFI type=68 price=20.11
[TICK] T type=68 price=27.47
[TICK] NU type=68 price=17
[TICK] NU type=68 price=17.01
[TICK] SOFI type=68 price=20.08
[TICK] T type=68 price=27.48
[TICK] NU type=73 price=16.99
[TICK] T type=68 price=27.47
[TICK] NU type=68 price=17
[TICK] T type=68 price=27.48
[TICK] SOFI type=68 price=20.09
[TICK] F type=68 price=13.8
[TICK] T type=72 price=27.49
[TICK] SOFI type=68 price=20.11
[TICK] F type=68 price=13.81
[TICK] T type=68 price=27.49
[TICK] SOFI type=68 price=20.12
[TICK] NU type=73 price=16.98
[TICK] NU type=68 price=16.99
[TICK] NU type=73 price=16.97
[TICK] SOFI type=68 price=20.1
[TICK] NU type=68 price=16.98
[TICK] T type=72 price=27.5
[TICK] NU type=68 price=16.97
[TICK] SOFI type=68 price=20.11
[TICK] NU type=68 price=16.98
[TICK] NU type=73 price=16.96
[TICK] NU type=73 price=16.95
[TICK] SOFI type=68 price=20.09
[TICK] NU type=68 price=16.95
[TICK] SOFI type=68 price=20.1
[TICK] NU type=68 price=16.97
[TICK] T type=68 price=27.48
[TICK] SOFI type=68 price=20.14
[TICK] F type=68 price=13.82
[TICK] NU type=68 price=16.96
[TICK] SOFI type=68 price=20.16
[TICK] F type=68 price=13.83
[TICK] T type=68 price=27.49
[TICK] NU type=68 price=16.97
[TICK] SOFI type=68 price=20.15
[TICK] F type=68 price=13.82
[TICK] NU type=68 price=16.98
[TICK] SOFI type=68 price=20.16
[TICK] T type=68 price=27.48
[TICK] SOFI type=68 price=20.15
[TICK] SOFI type=68 price=20.16
[TICK] T type=68 price=27.49
[TICK] NU type=68 price=17
[TICK] SOFI type=68 price=20.17
[TICK] SOFI type=68 price=20.19
[TICK] SOFI type=68 price=20.15
[TICK] NU type=68 price=17.01
[TICK] SOFI type=68 price=20.17
[TICK] NU type=68 price=17.02
[TICK] SOFI type=68 price=20.18
[TICK] F type=68 price=13.83
[TICK] F type=68 price=13.82
[TICK] NU type=68 price=17
[TICK] SOFI type=68 price=20.22
[TICK] SOFI type=68 price=20.23
[TICK] T type=68 price=27.48
[TICK] NU type=68 price=17.01
[TICK] NU type=68 price=17.02
[TICK] SOFI type=68 price=20.2
[TICK] F type=68 price=13.83
[STREAM] Client connected
[STREAM] Client disconnected
[STREAM] Client connected
[STREAM] Client disconnected
[STREAM] Client connected
[STREAM] Client disconnected
